<?xml version="1.0" encoding="UTF-8"?>
<!-- Generated by org.testng.reporters.JUnitXMLReporter -->
<testsuite ignored="0" hostname="LAPTOP-MJ4I0BC8" failures="1" tests="1" name="Test6" time="0.046" errors="0" timestamp="2025-05-11T14:31:27 IST">
  <testcase classname="TestNGrelated.Dataprovider" name="loginorangeHRM" time="0.0">
    <failure type="org.testng.TestNGException" message="
Method public void TestNGrelated.Dataprovider.loginorangeHRM(java.lang.String,java.lang.String) requires a @DataProvider named : logindataHrm in class TestNGrelated.Dataprovidermethod">
      <![CDATA[org.testng.TestNGException: 
Method public void TestNGrelated.Dataprovider.loginorangeHRM(java.lang.String,java.lang.String) requires a @DataProvider named : logindataHrm in class TestNGrelated.Dataprovidermethod
at java.base/java.util.ArrayList.forEach(ArrayList.java:1597)
... Removed 24 stack frames]]>
    </failure>
  </testcase> <!-- loginorangeHRM -->
</testsuite> <!-- Test6 -->
