<?xml version="1.0" encoding="UTF-8"?>
<!-- Generated by org.testng.reporters.JUnitXMLReporter -->
<testsuite ignored="0" hostname="LAPTOP-MJ4I0BC8" failures="0" tests="4" name="Test" time="25.214" errors="0" timestamp="2025-05-11T15:00:37 IST">
  <testcase classname="Parallelexecution.ParallelExecution3" name="loginhrmqw" time="5.357"/>
  <testcase classname="Parallelexecution.ParallelExecution2" name="loginhrmqw" time="5.526"/>
  <testcase classname="Parallelexecution.ParallelExecution2" name="loginhrmqw1" time="5.182"/>
  <testcase classname="Parallelexecution.ParallelExecution3" name="loginhrmqw1" time="10.085"/>
</testsuite> <!-- Test -->
