<?xml version="1.0" encoding="UTF-8"?>
<!-- Generated by org.testng.reporters.JUnitXMLReporter -->
<testsuite ignored="0" hostname="LAPTOP-MJ4I0BC8" failures="0" tests="4" name="Test1" time="20.418" errors="0" timestamp="2025-05-11T15:00:57 IST">
  <testcase classname="Parallelexecution.ParallelExecution3" name="loginhrmqw" time="5.639"/>
  <testcase classname="Parallelexecution.ParallelExecution2" name="loginhrmqw" time="5.345"/>
  <testcase classname="Parallelexecution.ParallelExecution2" name="loginhrmqw1" time="5.322"/>
  <testcase classname="Parallelexecution.ParallelExecution3" name="loginhrmqw1" time="10.171"/>
</testsuite> <!-- Test1 -->
