<?xml version="1.0" encoding="UTF-8"?>
<testng-results ignored="0" total="8" passed="8" failed="0" skipped="0">
  <reporter-output>
  </reporter-output>
  <suite started-at="2025-05-11T15:00:11 IST" name="Suite" finished-at="2025-05-11T15:00:57 IST" duration-ms="45653">
    <groups>
      <group name="all">
        <method signature="ParallelExecution2.loginhrmqw(java.lang.String,java.lang.String,java.lang.String)[pri:0, instance:Parallelexecution.ParallelExecution2@ed7f8b4]" name="loginhrmqw" class="Parallelexecution.ParallelExecution2"/>
        <method signature="ParallelExecution2.loginhrmqw1(java.lang.String,java.lang.String,java.lang.String)[pri:0, instance:Parallelexecution.ParallelExecution2@ed7f8b4]" name="loginhrmqw1" class="Parallelexecution.ParallelExecution2"/>
        <method signature="ParallelExecution3.loginhrmqw(java.lang.String,java.lang.String,java.lang.String)[pri:0, instance:Parallelexecution.ParallelExecution3@7c9d8e2]" name="loginhrmqw" class="Parallelexecution.ParallelExecution3"/>
        <method signature="ParallelExecution3.loginhrmqw1(java.lang.String,java.lang.String,java.lang.String)[pri:0, instance:Parallelexecution.ParallelExecution3@7c9d8e2]" name="loginhrmqw1" class="Parallelexecution.ParallelExecution3"/>
        <method signature="ParallelExecution2.loginhrmqw(java.lang.String,java.lang.String,java.lang.String)[pri:0, instance:Parallelexecution.ParallelExecution2@28975c28]" name="loginhrmqw" class="Parallelexecution.ParallelExecution2"/>
        <method signature="ParallelExecution2.loginhrmqw1(java.lang.String,java.lang.String,java.lang.String)[pri:0, instance:Parallelexecution.ParallelExecution2@28975c28]" name="loginhrmqw1" class="Parallelexecution.ParallelExecution2"/>
        <method signature="ParallelExecution3.loginhrmqw(java.lang.String,java.lang.String,java.lang.String)[pri:0, instance:Parallelexecution.ParallelExecution3@ba54932]" name="loginhrmqw" class="Parallelexecution.ParallelExecution3"/>
        <method signature="ParallelExecution3.loginhrmqw1(java.lang.String,java.lang.String,java.lang.String)[pri:0, instance:Parallelexecution.ParallelExecution3@ba54932]" name="loginhrmqw1" class="Parallelexecution.ParallelExecution3"/>
      </group> <!-- all -->
    </groups>
    <test started-at="2025-05-11T15:00:11 IST" name="Test" finished-at="2025-05-11T15:00:37 IST" duration-ms="25214">
      <class name="Parallelexecution.ParallelExecution3">
        <test-method is-config="true" signature="browserSetUp(java.lang.String)[pri:0, instance:Parallelexecution.ParallelExecution3@7c9d8e2]" started-at="2025-05-11T15:00:11 IST" name="browserSetUp" finished-at="2025-05-11T15:00:16 IST" duration-ms="4832" status="PASS">
          <params>
            <param index="0">
              <value>
                <![CDATA[firefox]]>
              </value>
            </param>
          </params>
          <reporter-output>
          </reporter-output>
        </test-method> <!-- browserSetUp -->
        <test-method signature="loginhrmqw(java.lang.String,java.lang.String,java.lang.String)[pri:0, instance:Parallelexecution.ParallelExecution3@7c9d8e2]" started-at="2025-05-11T15:00:16 IST" name="loginhrmqw" finished-at="2025-05-11T15:00:22 IST" duration-ms="5357" status="PASS">
          <params>
            <param index="0">
              <value>
                <![CDATA[Admin]]>
              </value>
            </param>
            <param index="1">
              <value>
                <![CDATA[admin123]]>
              </value>
            </param>
            <param index="2">
              <value>
                <![CDATA[https://opensource-demo.orangehrmlive.com/web/index.php/auth/login]]>
              </value>
            </param>
          </params>
          <reporter-output>
          </reporter-output>
        </test-method> <!-- loginhrmqw -->
        <test-method is-config="true" signature="browserTearDown()[pri:0, instance:Parallelexecution.ParallelExecution3@7c9d8e2]" started-at="2025-05-11T15:00:22 IST" name="browserTearDown" finished-at="2025-05-11T15:00:23 IST" duration-ms="1015" status="PASS">
          <reporter-output>
          </reporter-output>
        </test-method> <!-- browserTearDown -->
        <test-method is-config="true" signature="browserSetUp(java.lang.String)[pri:0, instance:Parallelexecution.ParallelExecution3@7c9d8e2]" started-at="2025-05-11T15:00:23 IST" name="browserSetUp" finished-at="2025-05-11T15:00:26 IST" duration-ms="3068" status="PASS">
          <params>
            <param index="0">
              <value>
                <![CDATA[firefox]]>
              </value>
            </param>
          </params>
          <reporter-output>
          </reporter-output>
        </test-method> <!-- browserSetUp -->
        <test-method signature="loginhrmqw1(java.lang.String,java.lang.String,java.lang.String)[pri:0, instance:Parallelexecution.ParallelExecution3@7c9d8e2]" started-at="2025-05-11T15:00:26 IST" name="loginhrmqw1" finished-at="2025-05-11T15:00:36 IST" duration-ms="10085" status="PASS">
          <params>
            <param index="0">
              <value>
                <![CDATA[Admin]]>
              </value>
            </param>
            <param index="1">
              <value>
                <![CDATA[admin123]]>
              </value>
            </param>
            <param index="2">
              <value>
                <![CDATA[https://opensource-demo.orangehrmlive.com/web/index.php/auth/login]]>
              </value>
            </param>
          </params>
          <reporter-output>
          </reporter-output>
        </test-method> <!-- loginhrmqw1 -->
        <test-method is-config="true" signature="browserTearDown()[pri:0, instance:Parallelexecution.ParallelExecution3@7c9d8e2]" started-at="2025-05-11T15:00:36 IST" name="browserTearDown" finished-at="2025-05-11T15:00:37 IST" duration-ms="792" status="PASS">
          <reporter-output>
          </reporter-output>
        </test-method> <!-- browserTearDown -->
      </class> <!-- Parallelexecution.ParallelExecution3 -->
      <class name="Parallelexecution.ParallelExecution2">
        <test-method is-config="true" signature="browserSetUp(java.lang.String)[pri:0, instance:Parallelexecution.ParallelExecution2@ed7f8b4]" started-at="2025-05-11T15:00:11 IST" name="browserSetUp" finished-at="2025-05-11T15:00:16 IST" duration-ms="4831" status="PASS">
          <params>
            <param index="0">
              <value>
                <![CDATA[firefox]]>
              </value>
            </param>
          </params>
          <reporter-output>
          </reporter-output>
        </test-method> <!-- browserSetUp -->
        <test-method signature="loginhrmqw(java.lang.String,java.lang.String,java.lang.String)[pri:0, instance:Parallelexecution.ParallelExecution2@ed7f8b4]" started-at="2025-05-11T15:00:16 IST" name="loginhrmqw" finished-at="2025-05-11T15:00:22 IST" duration-ms="5526" status="PASS">
          <params>
            <param index="0">
              <value>
                <![CDATA[Admin]]>
              </value>
            </param>
            <param index="1">
              <value>
                <![CDATA[admin123]]>
              </value>
            </param>
            <param index="2">
              <value>
                <![CDATA[https://opensource-demo.orangehrmlive.com/web/index.php/auth/login]]>
              </value>
            </param>
          </params>
          <reporter-output>
          </reporter-output>
        </test-method> <!-- loginhrmqw -->
        <test-method is-config="true" signature="browserTearDown()[pri:0, instance:Parallelexecution.ParallelExecution2@ed7f8b4]" started-at="2025-05-11T15:00:22 IST" name="browserTearDown" finished-at="2025-05-11T15:00:23 IST" duration-ms="1048" status="PASS">
          <reporter-output>
          </reporter-output>
        </test-method> <!-- browserTearDown -->
        <test-method is-config="true" signature="browserSetUp(java.lang.String)[pri:0, instance:Parallelexecution.ParallelExecution2@ed7f8b4]" started-at="2025-05-11T15:00:23 IST" name="browserSetUp" finished-at="2025-05-11T15:00:27 IST" duration-ms="3990" status="PASS">
          <params>
            <param index="0">
              <value>
                <![CDATA[firefox]]>
              </value>
            </param>
          </params>
          <reporter-output>
          </reporter-output>
        </test-method> <!-- browserSetUp -->
        <test-method signature="loginhrmqw1(java.lang.String,java.lang.String,java.lang.String)[pri:0, instance:Parallelexecution.ParallelExecution2@ed7f8b4]" started-at="2025-05-11T15:00:27 IST" name="loginhrmqw1" finished-at="2025-05-11T15:00:32 IST" duration-ms="5182" status="PASS">
          <params>
            <param index="0">
              <value>
                <![CDATA[Admin]]>
              </value>
            </param>
            <param index="1">
              <value>
                <![CDATA[admin123]]>
              </value>
            </param>
            <param index="2">
              <value>
                <![CDATA[https://opensource-demo.orangehrmlive.com/web/index.php/auth/login]]>
              </value>
            </param>
          </params>
          <reporter-output>
          </reporter-output>
        </test-method> <!-- loginhrmqw1 -->
        <test-method is-config="true" signature="browserTearDown()[pri:0, instance:Parallelexecution.ParallelExecution2@ed7f8b4]" started-at="2025-05-11T15:00:32 IST" name="browserTearDown" finished-at="2025-05-11T15:00:33 IST" duration-ms="1276" status="PASS">
          <reporter-output>
          </reporter-output>
        </test-method> <!-- browserTearDown -->
      </class> <!-- Parallelexecution.ParallelExecution2 -->
    </test> <!-- Test -->
    <test started-at="2025-05-11T15:00:37 IST" name="Test1" finished-at="2025-05-11T15:00:57 IST" duration-ms="20418">
      <class name="Parallelexecution.ParallelExecution3">
        <test-method is-config="true" signature="browserSetUp(java.lang.String)[pri:0, instance:Parallelexecution.ParallelExecution3@ba54932]" started-at="2025-05-11T15:00:37 IST" name="browserSetUp" finished-at="2025-05-11T15:00:38 IST" duration-ms="1267" status="PASS">
          <params>
            <param index="0">
              <value>
                <![CDATA[edge]]>
              </value>
            </param>
          </params>
          <reporter-output>
          </reporter-output>
        </test-method> <!-- browserSetUp -->
        <test-method signature="loginhrmqw(java.lang.String,java.lang.String,java.lang.String)[pri:0, instance:Parallelexecution.ParallelExecution3@ba54932]" started-at="2025-05-11T15:00:38 IST" name="loginhrmqw" finished-at="2025-05-11T15:00:43 IST" duration-ms="5639" status="PASS">
          <params>
            <param index="0">
              <value>
                <![CDATA[Admin]]>
              </value>
            </param>
            <param index="1">
              <value>
                <![CDATA[admin123]]>
              </value>
            </param>
            <param index="2">
              <value>
                <![CDATA[https://opensource-demo.orangehrmlive.com/web/index.php/auth/login]]>
              </value>
            </param>
          </params>
          <reporter-output>
          </reporter-output>
        </test-method> <!-- loginhrmqw -->
        <test-method is-config="true" signature="browserTearDown()[pri:0, instance:Parallelexecution.ParallelExecution3@ba54932]" started-at="2025-05-11T15:00:43 IST" name="browserTearDown" finished-at="2025-05-11T15:00:45 IST" duration-ms="1275" status="PASS">
          <reporter-output>
          </reporter-output>
        </test-method> <!-- browserTearDown -->
        <test-method is-config="true" signature="browserSetUp(java.lang.String)[pri:0, instance:Parallelexecution.ParallelExecution3@ba54932]" started-at="2025-05-11T15:00:45 IST" name="browserSetUp" finished-at="2025-05-11T15:00:45 IST" duration-ms="739" status="PASS">
          <params>
            <param index="0">
              <value>
                <![CDATA[edge]]>
              </value>
            </param>
          </params>
          <reporter-output>
          </reporter-output>
        </test-method> <!-- browserSetUp -->
        <test-method signature="loginhrmqw1(java.lang.String,java.lang.String,java.lang.String)[pri:0, instance:Parallelexecution.ParallelExecution3@ba54932]" started-at="2025-05-11T15:00:45 IST" name="loginhrmqw1" finished-at="2025-05-11T15:00:56 IST" duration-ms="10171" status="PASS">
          <params>
            <param index="0">
              <value>
                <![CDATA[Admin]]>
              </value>
            </param>
            <param index="1">
              <value>
                <![CDATA[admin123]]>
              </value>
            </param>
            <param index="2">
              <value>
                <![CDATA[https://opensource-demo.orangehrmlive.com/web/index.php/auth/login]]>
              </value>
            </param>
          </params>
          <reporter-output>
          </reporter-output>
        </test-method> <!-- loginhrmqw1 -->
        <test-method is-config="true" signature="browserTearDown()[pri:0, instance:Parallelexecution.ParallelExecution3@ba54932]" started-at="2025-05-11T15:00:56 IST" name="browserTearDown" finished-at="2025-05-11T15:00:57 IST" duration-ms="1325" status="PASS">
          <reporter-output>
          </reporter-output>
        </test-method> <!-- browserTearDown -->
      </class> <!-- Parallelexecution.ParallelExecution3 -->
      <class name="Parallelexecution.ParallelExecution2">
        <test-method is-config="true" signature="browserSetUp(java.lang.String)[pri:0, instance:Parallelexecution.ParallelExecution2@28975c28]" started-at="2025-05-11T15:00:37 IST" name="browserSetUp" finished-at="2025-05-11T15:00:39 IST" duration-ms="2571" status="PASS">
          <params>
            <param index="0">
              <value>
                <![CDATA[edge]]>
              </value>
            </param>
          </params>
          <reporter-output>
          </reporter-output>
        </test-method> <!-- browserSetUp -->
        <test-method signature="loginhrmqw(java.lang.String,java.lang.String,java.lang.String)[pri:0, instance:Parallelexecution.ParallelExecution2@28975c28]" started-at="2025-05-11T15:00:39 IST" name="loginhrmqw" finished-at="2025-05-11T15:00:44 IST" duration-ms="5345" status="PASS">
          <params>
            <param index="0">
              <value>
                <![CDATA[Admin]]>
              </value>
            </param>
            <param index="1">
              <value>
                <![CDATA[admin123]]>
              </value>
            </param>
            <param index="2">
              <value>
                <![CDATA[https://opensource-demo.orangehrmlive.com/web/index.php/auth/login]]>
              </value>
            </param>
          </params>
          <reporter-output>
          </reporter-output>
        </test-method> <!-- loginhrmqw -->
        <test-method is-config="true" signature="browserTearDown()[pri:0, instance:Parallelexecution.ParallelExecution2@28975c28]" started-at="2025-05-11T15:00:44 IST" name="browserTearDown" finished-at="2025-05-11T15:00:46 IST" duration-ms="1241" status="PASS">
          <reporter-output>
          </reporter-output>
        </test-method> <!-- browserTearDown -->
        <test-method is-config="true" signature="browserSetUp(java.lang.String)[pri:0, instance:Parallelexecution.ParallelExecution2@28975c28]" started-at="2025-05-11T15:00:46 IST" name="browserSetUp" finished-at="2025-05-11T15:00:48 IST" duration-ms="2386" status="PASS">
          <params>
            <param index="0">
              <value>
                <![CDATA[edge]]>
              </value>
            </param>
          </params>
          <reporter-output>
          </reporter-output>
        </test-method> <!-- browserSetUp -->
        <test-method signature="loginhrmqw1(java.lang.String,java.lang.String,java.lang.String)[pri:0, instance:Parallelexecution.ParallelExecution2@28975c28]" started-at="2025-05-11T15:00:48 IST" name="loginhrmqw1" finished-at="2025-05-11T15:00:53 IST" duration-ms="5322" status="PASS">
          <params>
            <param index="0">
              <value>
                <![CDATA[Admin]]>
              </value>
            </param>
            <param index="1">
              <value>
                <![CDATA[admin123]]>
              </value>
            </param>
            <param index="2">
              <value>
                <![CDATA[https://opensource-demo.orangehrmlive.com/web/index.php/auth/login]]>
              </value>
            </param>
          </params>
          <reporter-output>
          </reporter-output>
        </test-method> <!-- loginhrmqw1 -->
        <test-method is-config="true" signature="browserTearDown()[pri:0, instance:Parallelexecution.ParallelExecution2@28975c28]" started-at="2025-05-11T15:00:53 IST" name="browserTearDown" finished-at="2025-05-11T15:00:55 IST" duration-ms="1304" status="PASS">
          <reporter-output>
          </reporter-output>
        </test-method> <!-- browserTearDown -->
      </class> <!-- Parallelexecution.ParallelExecution2 -->
    </test> <!-- Test1 -->
  </suite> <!-- Suite -->
</testng-results>
